mpi_mm has started with 8 tasks.
Initializing arrays...
Sending 14286 nelements to task 1 offset=0
Sending 14286 nelements to task 2 offset=14286
Sending 14286 nelements to task 3 offset=28572
Sending 14286 nelements to task 4 offset=42858
Sending 14286 nelements to task 5 offset=57144
Sending 14285 nelements to task 6 offset=71430
Sending 14285 nelements to task 7 offset=85715
Received results from task 1
Received results from task 2
Received results from task 3
Received results from task 4
Received results from task 5
Received results from task 6
Received results from task 7
******************************************************
Result Vector:

******************************************************
Done.
